<?xml version="1.0" encoding="UTF-8"?>
<testsuite xmlns:xsi="http://www.w3.org/2001/XMLSchema-instance" xsi:noNamespaceSchemaLocation="https://maven.apache.org/surefire/maven-surefire-plugin/xsd/surefire-test-report-3.0.xsd" version="3.0" name="TestSuite" time="72.488" tests="5" errors="0" skipped="0" failures="0">
  <properties>
    <property name="java.specification.version" value="15"/>
    <property name="sun.jnu.encoding" value="UTF-8"/>
    <property name="java.class.path" value="/Users/juanquiceno/Documents/GitHub/CucumberAppiumFramework/target/test-classes:/Users/juanquiceno/Documents/GitHub/CucumberAppiumFramework/target/classes:/Users/juanquiceno/.m2/repository/io/appium/java-client/8.3.0/java-client-8.3.0.jar:/Users/juanquiceno/.m2/repository/org/seleniumhq/selenium/selenium-api/4.8.1/selenium-api-4.8.1.jar:/Users/juanquiceno/.m2/repository/org/seleniumhq/selenium/selenium-remote-driver/4.8.1/selenium-remote-driver-4.8.1.jar:/Users/juanquiceno/.m2/repository/com/beust/jcommander/1.82/jcommander-1.82.jar:/Users/juanquiceno/.m2/repository/com/google/auto/service/auto-service-annotations/1.0.1/auto-service-annotations-1.0.1.jar:/Users/juanquiceno/.m2/repository/com/google/auto/service/auto-service/1.0.1/auto-service-1.0.1.jar:/Users/juanquiceno/.m2/repository/com/google/auto/auto-common/1.2/auto-common-1.2.jar:/Users/juanquiceno/.m2/repository/com/google/guava/guava/31.1-jre/guava-31.1-jre.jar:/Users/juanquiceno/.m2/repository/com/google/guava/failureaccess/1.0.1/failureaccess-1.0.1.jar:/Users/juanquiceno/.m2/repository/com/google/guava/listenablefuture/9999.0-empty-to-avoid-conflict-with-guava/listenablefuture-9999.0-empty-to-avoid-conflict-with-guava.jar:/Users/juanquiceno/.m2/repository/com/google/code/findbugs/jsr305/3.0.2/jsr305-3.0.2.jar:/Users/juanquiceno/.m2/repository/org/checkerframework/checker-qual/3.12.0/checker-qual-3.12.0.jar:/Users/juanquiceno/.m2/repository/com/google/errorprone/error_prone_annotations/2.11.0/error_prone_annotations-2.11.0.jar:/Users/juanquiceno/.m2/repository/com/google/j2objc/j2objc-annotations/1.3/j2objc-annotations-1.3.jar:/Users/juanquiceno/.m2/repository/io/netty/netty-buffer/4.1.87.Final/netty-buffer-4.1.87.Final.jar:/Users/juanquiceno/.m2/repository/io/netty/netty-codec-http/4.1.87.Final/netty-codec-http-4.1.87.Final.jar:/Users/juanquiceno/.m2/repository/io/netty/netty-codec/4.1.87.Final/netty-codec-4.1.87.Final.jar:/Users/juanquiceno/.m2/repository/io/netty/netty-handler/4.1.87.Final/netty-handler-4.1.87.Final.jar:/Users/juanquiceno/.m2/repository/io/netty/netty-common/4.1.87.Final/netty-common-4.1.87.Final.jar:/Users/juanquiceno/.m2/repository/io/netty/netty-transport-classes-epoll/4.1.87.Final/netty-transport-classes-epoll-4.1.87.Final.jar:/Users/juanquiceno/.m2/repository/io/netty/netty-transport-classes-kqueue/4.1.87.Final/netty-transport-classes-kqueue-4.1.87.Final.jar:/Users/juanquiceno/.m2/repository/io/netty/netty-transport-native-epoll/4.1.87.Final/netty-transport-native-epoll-4.1.87.Final.jar:/Users/juanquiceno/.m2/repository/io/netty/netty-transport-native-kqueue/4.1.87.Final/netty-transport-native-kqueue-4.1.87.Final.jar:/Users/juanquiceno/.m2/repository/io/netty/netty-transport-native-unix-common/4.1.87.Final/netty-transport-native-unix-common-4.1.87.Final.jar:/Users/juanquiceno/.m2/repository/io/netty/netty-transport/4.1.87.Final/netty-transport-4.1.87.Final.jar:/Users/juanquiceno/.m2/repository/io/netty/netty-resolver/4.1.87.Final/netty-resolver-4.1.87.Final.jar:/Users/juanquiceno/.m2/repository/io/opentelemetry/opentelemetry-api/1.22.0/opentelemetry-api-1.22.0.jar:/Users/juanquiceno/.m2/repository/io/opentelemetry/opentelemetry-context/1.22.0/opentelemetry-context-1.22.0.jar:/Users/juanquiceno/.m2/repository/io/opentelemetry/opentelemetry-exporter-logging/1.22.0/opentelemetry-exporter-logging-1.22.0.jar:/Users/juanquiceno/.m2/repository/io/opentelemetry/opentelemetry-sdk-metrics/1.22.0/opentelemetry-sdk-metrics-1.22.0.jar:/Users/juanquiceno/.m2/repository/io/opentelemetry/opentelemetry-sdk-logs/1.22.0-alpha/opentelemetry-sdk-logs-1.22.0-alpha.jar:/Users/juanquiceno/.m2/repository/io/opentelemetry/opentelemetry-api-logs/1.22.0-alpha/opentelemetry-api-logs-1.22.0-alpha.jar:/Users/juanquiceno/.m2/repository/io/opentelemetry/opentelemetry-sdk-common/1.22.0/opentelemetry-sdk-common-1.22.0.jar:/Users/juanquiceno/.m2/repository/io/opentelemetry/opentelemetry-sdk-extension-autoconfigure-spi/1.22.0/opentelemetry-sdk-extension-autoconfigure-spi-1.22.0.jar:/Users/juanquiceno/.m2/repository/io/opentelemetry/opentelemetry-sdk-extension-autoconfigure/1.22.0-alpha/opentelemetry-sdk-extension-autoconfigure-1.22.0-alpha.jar:/Users/juanquiceno/.m2/repository/io/opentelemetry/opentelemetry-sdk-trace/1.22.0/opentelemetry-sdk-trace-1.22.0.jar:/Users/juanquiceno/.m2/repository/io/opentelemetry/opentelemetry-sdk/1.22.0/opentelemetry-sdk-1.22.0.jar:/Users/juanquiceno/.m2/repository/io/opentelemetry/opentelemetry-semconv/1.22.0-alpha/opentelemetry-semconv-1.22.0-alpha.jar:/Users/juanquiceno/.m2/repository/io/ous/jtoml/2.0.0/jtoml-2.0.0.jar:/Users/juanquiceno/.m2/repository/net/bytebuddy/byte-buddy/1.12.22/byte-buddy-1.12.22.jar:/Users/juanquiceno/.m2/repository/org/apache/commons/commons-exec/1.3/commons-exec-1.3.jar:/Users/juanquiceno/.m2/repository/org/asynchttpclient/async-http-client/2.12.3/async-http-client-2.12.3.jar:/Users/juanquiceno/.m2/repository/org/asynchttpclient/async-http-client-netty-utils/2.12.3/async-http-client-netty-utils-2.12.3.jar:/Users/juanquiceno/.m2/repository/io/netty/netty-codec-socks/4.1.60.Final/netty-codec-socks-4.1.60.Final.jar:/Users/juanquiceno/.m2/repository/io/netty/netty-handler-proxy/4.1.60.Final/netty-handler-proxy-4.1.60.Final.jar:/Users/juanquiceno/.m2/repository/io/netty/netty-transport-native-epoll/4.1.60.Final/netty-transport-native-epoll-4.1.60.Final-linux-x86_64.jar:/Users/juanquiceno/.m2/repository/io/netty/netty-transport-native-kqueue/4.1.60.Final/netty-transport-native-kqueue-4.1.60.Final-osx-x86_64.jar:/Users/juanquiceno/.m2/repository/com/typesafe/netty/netty-reactive-streams/2.0.4/netty-reactive-streams-2.0.4.jar:/Users/juanquiceno/.m2/repository/com/sun/activation/jakarta.activation/1.2.2/jakarta.activation-1.2.2.jar:/Users/juanquiceno/.m2/repository/org/seleniumhq/selenium/selenium-http/4.8.1/selenium-http-4.8.1.jar:/Users/juanquiceno/.m2/repository/dev/failsafe/failsafe/3.3.0/failsafe-3.3.0.jar:/Users/juanquiceno/.m2/repository/org/seleniumhq/selenium/selenium-json/4.8.1/selenium-json-4.8.1.jar:/Users/juanquiceno/.m2/repository/org/seleniumhq/selenium/selenium-manager/4.8.1/selenium-manager-4.8.1.jar:/Users/juanquiceno/.m2/repository/org/seleniumhq/selenium/selenium-support/4.8.1/selenium-support-4.8.1.jar:/Users/juanquiceno/.m2/repository/com/google/code/gson/gson/2.10/gson-2.10.jar:/Users/juanquiceno/.m2/repository/cglib/cglib/3.3.0/cglib-3.3.0.jar:/Users/juanquiceno/.m2/repository/org/ow2/asm/asm/7.1/asm-7.1.jar:/Users/juanquiceno/.m2/repository/commons-validator/commons-validator/1.7/commons-validator-1.7.jar:/Users/juanquiceno/.m2/repository/commons-beanutils/commons-beanutils/1.9.4/commons-beanutils-1.9.4.jar:/Users/juanquiceno/.m2/repository/commons-digester/commons-digester/2.1/commons-digester-2.1.jar:/Users/juanquiceno/.m2/repository/commons-logging/commons-logging/1.2/commons-logging-1.2.jar:/Users/juanquiceno/.m2/repository/commons-collections/commons-collections/3.2.2/commons-collections-3.2.2.jar:/Users/juanquiceno/.m2/repository/org/apache/commons/commons-lang3/3.12.0/commons-lang3-3.12.0.jar:/Users/juanquiceno/.m2/repository/commons-io/commons-io/2.11.0/commons-io-2.11.0.jar:/Users/juanquiceno/.m2/repository/org/slf4j/slf4j-api/2.0.5/slf4j-api-2.0.5.jar:/Users/juanquiceno/.m2/repository/org/json/json/20220924/json-20220924.jar:/Users/juanquiceno/.m2/repository/org/apache/logging/log4j/log4j-core/2.20.0/log4j-core-2.20.0.jar:/Users/juanquiceno/.m2/repository/org/apache/logging/log4j/log4j-api/2.20.0/log4j-api-2.20.0.jar:/Users/juanquiceno/.m2/repository/commons-codec/commons-codec/1.15/commons-codec-1.15.jar:/Users/juanquiceno/.m2/repository/io/cucumber/cucumber-java/7.11.1/cucumber-java-7.11.1.jar:/Users/juanquiceno/.m2/repository/io/cucumber/cucumber-core/7.11.1/cucumber-core-7.11.1.jar:/Users/juanquiceno/.m2/repository/io/cucumber/cucumber-gherkin/7.11.1/cucumber-gherkin-7.11.1.jar:/Users/juanquiceno/.m2/repository/io/cucumber/cucumber-gherkin-messages/7.11.1/cucumber-gherkin-messages-7.11.1.jar:/Users/juanquiceno/.m2/repository/io/cucumber/gherkin/26.0.3/gherkin-26.0.3.jar:/Users/juanquiceno/.m2/repository/io/cucumber/messages/21.0.1/messages-21.0.1.jar:/Users/juanquiceno/.m2/repository/io/cucumber/tag-expressions/5.0.1/tag-expressions-5.0.1.jar:/Users/juanquiceno/.m2/repository/io/cucumber/cucumber-expressions/16.1.2/cucumber-expressions-16.1.2.jar:/Users/juanquiceno/.m2/repository/io/cucumber/datatable/7.11.1/datatable-7.11.1.jar:/Users/juanquiceno/.m2/repository/io/cucumber/cucumber-plugin/7.11.1/cucumber-plugin-7.11.1.jar:/Users/juanquiceno/.m2/repository/io/cucumber/docstring/7.11.1/docstring-7.11.1.jar:/Users/juanquiceno/.m2/repository/io/cucumber/html-formatter/20.2.1/html-formatter-20.2.1.jar:/Users/juanquiceno/.m2/repository/io/cucumber/junit-xml-formatter/0.1.0/junit-xml-formatter-0.1.0.jar:/Users/juanquiceno/.m2/repository/io/cucumber/ci-environment/9.1.0/ci-environment-9.1.0.jar:/Users/juanquiceno/.m2/repository/org/apiguardian/apiguardian-api/1.1.2/apiguardian-api-1.1.2.jar:/Users/juanquiceno/.m2/repository/io/cucumber/cucumber-testng/7.11.1/cucumber-testng-7.11.1.jar:/Users/juanquiceno/.m2/repository/org/testng/testng/7.7.1/testng-7.7.1.jar:/Users/juanquiceno/.m2/repository/org/webjars/jquery/3.6.1/jquery-3.6.1.jar:/Users/juanquiceno/.m2/repository/io/cucumber/cucumber-picocontainer/7.11.1/cucumber-picocontainer-7.11.1.jar:/Users/juanquiceno/.m2/repository/org/picocontainer/picocontainer/2.15/picocontainer-2.15.jar:/Users/juanquiceno/.m2/repository/tech/grasshopper/extentreports-cucumber7-adapter/1.10.1/extentreports-cucumber7-adapter-1.10.1.jar:/Users/juanquiceno/.m2/repository/tech/grasshopper/extent-pdf-report/2.9.1/extent-pdf-report-2.9.1.jar:/Users/juanquiceno/.m2/repository/tech/grasshopper/cucumber-pdf-report/2.11.1/cucumber-pdf-report-2.11.1.jar:/Users/juanquiceno/.m2/repository/org/apache/pdfbox/pdfbox/2.0.26/pdfbox-2.0.26.jar:/Users/juanquiceno/.m2/repository/org/apache/pdfbox/fontbox/2.0.26/fontbox-2.0.26.jar:/Users/juanquiceno/.m2/repository/org/knowm/xchart/xchart/3.8.0/xchart-3.8.0.jar:/Users/juanquiceno/.m2/repository/de/erichseifert/vectorgraphics2d/VectorGraphics2D/0.13/VectorGraphics2D-0.13.jar:/Users/juanquiceno/.m2/repository/de/rototor/pdfbox/graphics2d/0.30/graphics2d-0.30.jar:/Users/juanquiceno/.m2/repository/com/madgag/animated-gif-lib/1.4/animated-gif-lib-1.4.jar:/Users/juanquiceno/.m2/repository/org/yaml/snakeyaml/1.28/snakeyaml-1.28.jar:/Users/juanquiceno/.m2/repository/tech/grasshopper/table-layout/1.5.1/table-layout-1.5.1.jar:/Users/juanquiceno/.m2/repository/tech/grasshopper/rest-assured-cucumber-pdf-report/1.4.1/rest-assured-cucumber-pdf-report-1.4.1.jar:/Users/juanquiceno/.m2/repository/org/jsoup/jsoup/1.15.3/jsoup-1.15.3.jar:/Users/juanquiceno/.m2/repository/com/aventstack/klov-reporter/5.0.9/klov-reporter-5.0.9.jar:/Users/juanquiceno/.m2/repository/org/mongodb/mongodb-driver/3.6.4/mongodb-driver-3.6.4.jar:/Users/juanquiceno/.m2/repository/org/mongodb/mongodb-driver-core/3.6.4/mongodb-driver-core-3.6.4.jar:/Users/juanquiceno/.m2/repository/org/mongodb/bson/3.6.4/bson-3.6.4.jar:/Users/juanquiceno/.m2/repository/org/apache/httpcomponents/httpclient/4.5.13/httpclient-4.5.13.jar:/Users/juanquiceno/.m2/repository/org/apache/httpcomponents/httpcore/4.4.13/httpcore-4.4.13.jar:/Users/juanquiceno/.m2/repository/org/apache/httpcomponents/httpmime/4.5.13/httpmime-4.5.13.jar:/Users/juanquiceno/.m2/repository/tech/grasshopper/htmlextentreporter/1.0.1/htmlextentreporter-1.0.1.jar:/Users/juanquiceno/.m2/repository/tech/grasshopper/extent-excel-report/1.3.0/extent-excel-report-1.3.0.jar:/Users/juanquiceno/.m2/repository/org/apache/poi/poi/5.2.3/poi-5.2.3.jar:/Users/juanquiceno/.m2/repository/org/apache/commons/commons-collections4/4.4/commons-collections4-4.4.jar:/Users/juanquiceno/.m2/repository/org/apache/commons/commons-math3/3.6.1/commons-math3-3.6.1.jar:/Users/juanquiceno/.m2/repository/com/zaxxer/SparseBitSet/1.2/SparseBitSet-1.2.jar:/Users/juanquiceno/.m2/repository/org/apache/poi/poi-ooxml/5.2.3/poi-ooxml-5.2.3.jar:/Users/juanquiceno/.m2/repository/org/apache/poi/poi-ooxml-lite/5.2.3/poi-ooxml-lite-5.2.3.jar:/Users/juanquiceno/.m2/repository/org/apache/xmlbeans/xmlbeans/5.1.1/xmlbeans-5.1.1.jar:/Users/juanquiceno/.m2/repository/org/apache/commons/commons-compress/1.21/commons-compress-1.21.jar:/Users/juanquiceno/.m2/repository/com/github/virtuald/curvesapi/1.07/curvesapi-1.07.jar:/Users/juanquiceno/.m2/repository/com/aventstack/extentreports/5.0.9/extentreports-5.0.9.jar:/Users/juanquiceno/.m2/repository/io/reactivex/rxjava3/rxjava/3.0.4/rxjava-3.0.4.jar:/Users/juanquiceno/.m2/repository/org/reactivestreams/reactive-streams/1.0.3/reactive-streams-1.0.3.jar:/Users/juanquiceno/.m2/repository/org/freemarker/freemarker/2.3.30/freemarker-2.3.30.jar:/Users/juanquiceno/.m2/repository/org/jetbrains/annotations/24.0.1/annotations-24.0.1.jar:/Users/juanquiceno/.m2/repository/org/projectlombok/lombok/1.18.22/lombok-1.18.22.jar:"/>
    <property name="java.vm.vendor" value="Oracle Corporation"/>
    <property name="sun.arch.data.model" value="64"/>
    <property name="java.vendor.url" value="https://java.oracle.com/"/>
    <property name="user.timezone" value="America/Bogota"/>
    <property name="os.name" value="Mac OS X"/>
    <property name="java.vm.specification.version" value="15"/>
    <property name="sun.java.launcher" value="SUN_STANDARD"/>
    <property name="user.country" value="CO"/>
    <property name="sun.boot.library.path" value="/Library/Java/JavaVirtualMachines/jdk-15.0.2.jdk/Contents/Home/lib"/>
    <property name="sun.java.command" value="/Users/juanquiceno/Documents/GitHub/CucumberAppiumFramework/target/surefire/surefirebooter-20230308102847545_3.jar /Users/juanquiceno/Documents/GitHub/CucumberAppiumFramework/target/surefire 2023-03-08T10-28-47_366-jvmRun1 surefire-20230308102847545_1tmp surefire_0-20230308102847545_2tmp"/>
    <property name="http.nonProxyHosts" value="local|*.local|169.254/16|*.169.254/16"/>
    <property name="jdk.debug" value="release"/>
    <property name="surefire.test.class.path" value="/Users/juanquiceno/Documents/GitHub/CucumberAppiumFramework/target/test-classes:/Users/juanquiceno/Documents/GitHub/CucumberAppiumFramework/target/classes:/Users/juanquiceno/.m2/repository/io/appium/java-client/8.3.0/java-client-8.3.0.jar:/Users/juanquiceno/.m2/repository/org/seleniumhq/selenium/selenium-api/4.8.1/selenium-api-4.8.1.jar:/Users/juanquiceno/.m2/repository/org/seleniumhq/selenium/selenium-remote-driver/4.8.1/selenium-remote-driver-4.8.1.jar:/Users/juanquiceno/.m2/repository/com/beust/jcommander/1.82/jcommander-1.82.jar:/Users/juanquiceno/.m2/repository/com/google/auto/service/auto-service-annotations/1.0.1/auto-service-annotations-1.0.1.jar:/Users/juanquiceno/.m2/repository/com/google/auto/service/auto-service/1.0.1/auto-service-1.0.1.jar:/Users/juanquiceno/.m2/repository/com/google/auto/auto-common/1.2/auto-common-1.2.jar:/Users/juanquiceno/.m2/repository/com/google/guava/guava/31.1-jre/guava-31.1-jre.jar:/Users/juanquiceno/.m2/repository/com/google/guava/failureaccess/1.0.1/failureaccess-1.0.1.jar:/Users/juanquiceno/.m2/repository/com/google/guava/listenablefuture/9999.0-empty-to-avoid-conflict-with-guava/listenablefuture-9999.0-empty-to-avoid-conflict-with-guava.jar:/Users/juanquiceno/.m2/repository/com/google/code/findbugs/jsr305/3.0.2/jsr305-3.0.2.jar:/Users/juanquiceno/.m2/repository/org/checkerframework/checker-qual/3.12.0/checker-qual-3.12.0.jar:/Users/juanquiceno/.m2/repository/com/google/errorprone/error_prone_annotations/2.11.0/error_prone_annotations-2.11.0.jar:/Users/juanquiceno/.m2/repository/com/google/j2objc/j2objc-annotations/1.3/j2objc-annotations-1.3.jar:/Users/juanquiceno/.m2/repository/io/netty/netty-buffer/4.1.87.Final/netty-buffer-4.1.87.Final.jar:/Users/juanquiceno/.m2/repository/io/netty/netty-codec-http/4.1.87.Final/netty-codec-http-4.1.87.Final.jar:/Users/juanquiceno/.m2/repository/io/netty/netty-codec/4.1.87.Final/netty-codec-4.1.87.Final.jar:/Users/juanquiceno/.m2/repository/io/netty/netty-handler/4.1.87.Final/netty-handler-4.1.87.Final.jar:/Users/juanquiceno/.m2/repository/io/netty/netty-common/4.1.87.Final/netty-common-4.1.87.Final.jar:/Users/juanquiceno/.m2/repository/io/netty/netty-transport-classes-epoll/4.1.87.Final/netty-transport-classes-epoll-4.1.87.Final.jar:/Users/juanquiceno/.m2/repository/io/netty/netty-transport-classes-kqueue/4.1.87.Final/netty-transport-classes-kqueue-4.1.87.Final.jar:/Users/juanquiceno/.m2/repository/io/netty/netty-transport-native-epoll/4.1.87.Final/netty-transport-native-epoll-4.1.87.Final.jar:/Users/juanquiceno/.m2/repository/io/netty/netty-transport-native-kqueue/4.1.87.Final/netty-transport-native-kqueue-4.1.87.Final.jar:/Users/juanquiceno/.m2/repository/io/netty/netty-transport-native-unix-common/4.1.87.Final/netty-transport-native-unix-common-4.1.87.Final.jar:/Users/juanquiceno/.m2/repository/io/netty/netty-transport/4.1.87.Final/netty-transport-4.1.87.Final.jar:/Users/juanquiceno/.m2/repository/io/netty/netty-resolver/4.1.87.Final/netty-resolver-4.1.87.Final.jar:/Users/juanquiceno/.m2/repository/io/opentelemetry/opentelemetry-api/1.22.0/opentelemetry-api-1.22.0.jar:/Users/juanquiceno/.m2/repository/io/opentelemetry/opentelemetry-context/1.22.0/opentelemetry-context-1.22.0.jar:/Users/juanquiceno/.m2/repository/io/opentelemetry/opentelemetry-exporter-logging/1.22.0/opentelemetry-exporter-logging-1.22.0.jar:/Users/juanquiceno/.m2/repository/io/opentelemetry/opentelemetry-sdk-metrics/1.22.0/opentelemetry-sdk-metrics-1.22.0.jar:/Users/juanquiceno/.m2/repository/io/opentelemetry/opentelemetry-sdk-logs/1.22.0-alpha/opentelemetry-sdk-logs-1.22.0-alpha.jar:/Users/juanquiceno/.m2/repository/io/opentelemetry/opentelemetry-api-logs/1.22.0-alpha/opentelemetry-api-logs-1.22.0-alpha.jar:/Users/juanquiceno/.m2/repository/io/opentelemetry/opentelemetry-sdk-common/1.22.0/opentelemetry-sdk-common-1.22.0.jar:/Users/juanquiceno/.m2/repository/io/opentelemetry/opentelemetry-sdk-extension-autoconfigure-spi/1.22.0/opentelemetry-sdk-extension-autoconfigure-spi-1.22.0.jar:/Users/juanquiceno/.m2/repository/io/opentelemetry/opentelemetry-sdk-extension-autoconfigure/1.22.0-alpha/opentelemetry-sdk-extension-autoconfigure-1.22.0-alpha.jar:/Users/juanquiceno/.m2/repository/io/opentelemetry/opentelemetry-sdk-trace/1.22.0/opentelemetry-sdk-trace-1.22.0.jar:/Users/juanquiceno/.m2/repository/io/opentelemetry/opentelemetry-sdk/1.22.0/opentelemetry-sdk-1.22.0.jar:/Users/juanquiceno/.m2/repository/io/opentelemetry/opentelemetry-semconv/1.22.0-alpha/opentelemetry-semconv-1.22.0-alpha.jar:/Users/juanquiceno/.m2/repository/io/ous/jtoml/2.0.0/jtoml-2.0.0.jar:/Users/juanquiceno/.m2/repository/net/bytebuddy/byte-buddy/1.12.22/byte-buddy-1.12.22.jar:/Users/juanquiceno/.m2/repository/org/apache/commons/commons-exec/1.3/commons-exec-1.3.jar:/Users/juanquiceno/.m2/repository/org/asynchttpclient/async-http-client/2.12.3/async-http-client-2.12.3.jar:/Users/juanquiceno/.m2/repository/org/asynchttpclient/async-http-client-netty-utils/2.12.3/async-http-client-netty-utils-2.12.3.jar:/Users/juanquiceno/.m2/repository/io/netty/netty-codec-socks/4.1.60.Final/netty-codec-socks-4.1.60.Final.jar:/Users/juanquiceno/.m2/repository/io/netty/netty-handler-proxy/4.1.60.Final/netty-handler-proxy-4.1.60.Final.jar:/Users/juanquiceno/.m2/repository/io/netty/netty-transport-native-epoll/4.1.60.Final/netty-transport-native-epoll-4.1.60.Final-linux-x86_64.jar:/Users/juanquiceno/.m2/repository/io/netty/netty-transport-native-kqueue/4.1.60.Final/netty-transport-native-kqueue-4.1.60.Final-osx-x86_64.jar:/Users/juanquiceno/.m2/repository/com/typesafe/netty/netty-reactive-streams/2.0.4/netty-reactive-streams-2.0.4.jar:/Users/juanquiceno/.m2/repository/com/sun/activation/jakarta.activation/1.2.2/jakarta.activation-1.2.2.jar:/Users/juanquiceno/.m2/repository/org/seleniumhq/selenium/selenium-http/4.8.1/selenium-http-4.8.1.jar:/Users/juanquiceno/.m2/repository/dev/failsafe/failsafe/3.3.0/failsafe-3.3.0.jar:/Users/juanquiceno/.m2/repository/org/seleniumhq/selenium/selenium-json/4.8.1/selenium-json-4.8.1.jar:/Users/juanquiceno/.m2/repository/org/seleniumhq/selenium/selenium-manager/4.8.1/selenium-manager-4.8.1.jar:/Users/juanquiceno/.m2/repository/org/seleniumhq/selenium/selenium-support/4.8.1/selenium-support-4.8.1.jar:/Users/juanquiceno/.m2/repository/com/google/code/gson/gson/2.10/gson-2.10.jar:/Users/juanquiceno/.m2/repository/cglib/cglib/3.3.0/cglib-3.3.0.jar:/Users/juanquiceno/.m2/repository/org/ow2/asm/asm/7.1/asm-7.1.jar:/Users/juanquiceno/.m2/repository/commons-validator/commons-validator/1.7/commons-validator-1.7.jar:/Users/juanquiceno/.m2/repository/commons-beanutils/commons-beanutils/1.9.4/commons-beanutils-1.9.4.jar:/Users/juanquiceno/.m2/repository/commons-digester/commons-digester/2.1/commons-digester-2.1.jar:/Users/juanquiceno/.m2/repository/commons-logging/commons-logging/1.2/commons-logging-1.2.jar:/Users/juanquiceno/.m2/repository/commons-collections/commons-collections/3.2.2/commons-collections-3.2.2.jar:/Users/juanquiceno/.m2/repository/org/apache/commons/commons-lang3/3.12.0/commons-lang3-3.12.0.jar:/Users/juanquiceno/.m2/repository/commons-io/commons-io/2.11.0/commons-io-2.11.0.jar:/Users/juanquiceno/.m2/repository/org/slf4j/slf4j-api/2.0.5/slf4j-api-2.0.5.jar:/Users/juanquiceno/.m2/repository/org/json/json/20220924/json-20220924.jar:/Users/juanquiceno/.m2/repository/org/apache/logging/log4j/log4j-core/2.20.0/log4j-core-2.20.0.jar:/Users/juanquiceno/.m2/repository/org/apache/logging/log4j/log4j-api/2.20.0/log4j-api-2.20.0.jar:/Users/juanquiceno/.m2/repository/commons-codec/commons-codec/1.15/commons-codec-1.15.jar:/Users/juanquiceno/.m2/repository/io/cucumber/cucumber-java/7.11.1/cucumber-java-7.11.1.jar:/Users/juanquiceno/.m2/repository/io/cucumber/cucumber-core/7.11.1/cucumber-core-7.11.1.jar:/Users/juanquiceno/.m2/repository/io/cucumber/cucumber-gherkin/7.11.1/cucumber-gherkin-7.11.1.jar:/Users/juanquiceno/.m2/repository/io/cucumber/cucumber-gherkin-messages/7.11.1/cucumber-gherkin-messages-7.11.1.jar:/Users/juanquiceno/.m2/repository/io/cucumber/gherkin/26.0.3/gherkin-26.0.3.jar:/Users/juanquiceno/.m2/repository/io/cucumber/messages/21.0.1/messages-21.0.1.jar:/Users/juanquiceno/.m2/repository/io/cucumber/tag-expressions/5.0.1/tag-expressions-5.0.1.jar:/Users/juanquiceno/.m2/repository/io/cucumber/cucumber-expressions/16.1.2/cucumber-expressions-16.1.2.jar:/Users/juanquiceno/.m2/repository/io/cucumber/datatable/7.11.1/datatable-7.11.1.jar:/Users/juanquiceno/.m2/repository/io/cucumber/cucumber-plugin/7.11.1/cucumber-plugin-7.11.1.jar:/Users/juanquiceno/.m2/repository/io/cucumber/docstring/7.11.1/docstring-7.11.1.jar:/Users/juanquiceno/.m2/repository/io/cucumber/html-formatter/20.2.1/html-formatter-20.2.1.jar:/Users/juanquiceno/.m2/repository/io/cucumber/junit-xml-formatter/0.1.0/junit-xml-formatter-0.1.0.jar:/Users/juanquiceno/.m2/repository/io/cucumber/ci-environment/9.1.0/ci-environment-9.1.0.jar:/Users/juanquiceno/.m2/repository/org/apiguardian/apiguardian-api/1.1.2/apiguardian-api-1.1.2.jar:/Users/juanquiceno/.m2/repository/io/cucumber/cucumber-testng/7.11.1/cucumber-testng-7.11.1.jar:/Users/juanquiceno/.m2/repository/org/testng/testng/7.7.1/testng-7.7.1.jar:/Users/juanquiceno/.m2/repository/org/webjars/jquery/3.6.1/jquery-3.6.1.jar:/Users/juanquiceno/.m2/repository/io/cucumber/cucumber-picocontainer/7.11.1/cucumber-picocontainer-7.11.1.jar:/Users/juanquiceno/.m2/repository/org/picocontainer/picocontainer/2.15/picocontainer-2.15.jar:/Users/juanquiceno/.m2/repository/tech/grasshopper/extentreports-cucumber7-adapter/1.10.1/extentreports-cucumber7-adapter-1.10.1.jar:/Users/juanquiceno/.m2/repository/tech/grasshopper/extent-pdf-report/2.9.1/extent-pdf-report-2.9.1.jar:/Users/juanquiceno/.m2/repository/tech/grasshopper/cucumber-pdf-report/2.11.1/cucumber-pdf-report-2.11.1.jar:/Users/juanquiceno/.m2/repository/org/apache/pdfbox/pdfbox/2.0.26/pdfbox-2.0.26.jar:/Users/juanquiceno/.m2/repository/org/apache/pdfbox/fontbox/2.0.26/fontbox-2.0.26.jar:/Users/juanquiceno/.m2/repository/org/knowm/xchart/xchart/3.8.0/xchart-3.8.0.jar:/Users/juanquiceno/.m2/repository/de/erichseifert/vectorgraphics2d/VectorGraphics2D/0.13/VectorGraphics2D-0.13.jar:/Users/juanquiceno/.m2/repository/de/rototor/pdfbox/graphics2d/0.30/graphics2d-0.30.jar:/Users/juanquiceno/.m2/repository/com/madgag/animated-gif-lib/1.4/animated-gif-lib-1.4.jar:/Users/juanquiceno/.m2/repository/org/yaml/snakeyaml/1.28/snakeyaml-1.28.jar:/Users/juanquiceno/.m2/repository/tech/grasshopper/table-layout/1.5.1/table-layout-1.5.1.jar:/Users/juanquiceno/.m2/repository/tech/grasshopper/rest-assured-cucumber-pdf-report/1.4.1/rest-assured-cucumber-pdf-report-1.4.1.jar:/Users/juanquiceno/.m2/repository/org/jsoup/jsoup/1.15.3/jsoup-1.15.3.jar:/Users/juanquiceno/.m2/repository/com/aventstack/klov-reporter/5.0.9/klov-reporter-5.0.9.jar:/Users/juanquiceno/.m2/repository/org/mongodb/mongodb-driver/3.6.4/mongodb-driver-3.6.4.jar:/Users/juanquiceno/.m2/repository/org/mongodb/mongodb-driver-core/3.6.4/mongodb-driver-core-3.6.4.jar:/Users/juanquiceno/.m2/repository/org/mongodb/bson/3.6.4/bson-3.6.4.jar:/Users/juanquiceno/.m2/repository/org/apache/httpcomponents/httpclient/4.5.13/httpclient-4.5.13.jar:/Users/juanquiceno/.m2/repository/org/apache/httpcomponents/httpcore/4.4.13/httpcore-4.4.13.jar:/Users/juanquiceno/.m2/repository/org/apache/httpcomponents/httpmime/4.5.13/httpmime-4.5.13.jar:/Users/juanquiceno/.m2/repository/tech/grasshopper/htmlextentreporter/1.0.1/htmlextentreporter-1.0.1.jar:/Users/juanquiceno/.m2/repository/tech/grasshopper/extent-excel-report/1.3.0/extent-excel-report-1.3.0.jar:/Users/juanquiceno/.m2/repository/org/apache/poi/poi/5.2.3/poi-5.2.3.jar:/Users/juanquiceno/.m2/repository/org/apache/commons/commons-collections4/4.4/commons-collections4-4.4.jar:/Users/juanquiceno/.m2/repository/org/apache/commons/commons-math3/3.6.1/commons-math3-3.6.1.jar:/Users/juanquiceno/.m2/repository/com/zaxxer/SparseBitSet/1.2/SparseBitSet-1.2.jar:/Users/juanquiceno/.m2/repository/org/apache/poi/poi-ooxml/5.2.3/poi-ooxml-5.2.3.jar:/Users/juanquiceno/.m2/repository/org/apache/poi/poi-ooxml-lite/5.2.3/poi-ooxml-lite-5.2.3.jar:/Users/juanquiceno/.m2/repository/org/apache/xmlbeans/xmlbeans/5.1.1/xmlbeans-5.1.1.jar:/Users/juanquiceno/.m2/repository/org/apache/commons/commons-compress/1.21/commons-compress-1.21.jar:/Users/juanquiceno/.m2/repository/com/github/virtuald/curvesapi/1.07/curvesapi-1.07.jar:/Users/juanquiceno/.m2/repository/com/aventstack/extentreports/5.0.9/extentreports-5.0.9.jar:/Users/juanquiceno/.m2/repository/io/reactivex/rxjava3/rxjava/3.0.4/rxjava-3.0.4.jar:/Users/juanquiceno/.m2/repository/org/reactivestreams/reactive-streams/1.0.3/reactive-streams-1.0.3.jar:/Users/juanquiceno/.m2/repository/org/freemarker/freemarker/2.3.30/freemarker-2.3.30.jar:/Users/juanquiceno/.m2/repository/org/jetbrains/annotations/24.0.1/annotations-24.0.1.jar:/Users/juanquiceno/.m2/repository/org/projectlombok/lombok/1.18.22/lombok-1.18.22.jar:"/>
    <property name="sun.cpu.endian" value="little"/>
    <property name="user.home" value="/Users/juanquiceno"/>
    <property name="user.language" value="en"/>
    <property name="java.specification.vendor" value="Oracle Corporation"/>
    <property name="java.version.date" value="2021-01-19"/>
    <property name="java.home" value="/Library/Java/JavaVirtualMachines/jdk-15.0.2.jdk/Contents/Home"/>
    <property name="file.separator" value="/"/>
    <property name="basedir" value="/Users/juanquiceno/Documents/GitHub/CucumberAppiumFramework"/>
    <property name="java.vm.compressedOopsMode" value="Zero based"/>
    <property name="line.separator" value="&#10;"/>
    <property name="java.specification.name" value="Java Platform API Specification"/>
    <property name="java.vm.specification.vendor" value="Oracle Corporation"/>
    <property name="surefire.real.class.path" value="/Users/juanquiceno/Documents/GitHub/CucumberAppiumFramework/target/surefire/surefirebooter-20230308102847545_3.jar"/>
    <property name="sun.management.compiler" value="HotSpot 64-Bit Tiered Compilers"/>
    <property name="ftp.nonProxyHosts" value="local|*.local|169.254/16|*.169.254/16"/>
    <property name="java.runtime.version" value="15.0.2+7-27"/>
    <property name="user.name" value="juanquiceno"/>
    <property name="path.separator" value=":"/>
    <property name="os.version" value="10.16"/>
    <property name="java.runtime.name" value="Java(TM) SE Runtime Environment"/>
    <property name="file.encoding" value="UTF-8"/>
    <property name="java.vm.name" value="Java HotSpot(TM) 64-Bit Server VM"/>
    <property name="localRepository" value="/Users/juanquiceno/.m2/repository"/>
    <property name="java.vendor.url.bug" value="https://bugreport.java.com/bugreport/"/>
    <property name="java.io.tmpdir" value="/var/folders/y4/lsybx5vs2gb13f0rb75y41qr0000gn/T/"/>
    <property name="idea.version" value="2022.3.2"/>
    <property name="java.version" value="15.0.2"/>
    <property name="user.dir" value="/Users/juanquiceno/Documents/GitHub/CucumberAppiumFramework"/>
    <property name="os.arch" value="x86_64"/>
    <property name="java.vm.specification.name" value="Java Virtual Machine Specification"/>
    <property name="java.library.path" value="/Users/juanquiceno/Library/Java/Extensions:/Library/Java/Extensions:/Network/Library/Java/Extensions:/System/Library/Java/Extensions:/usr/lib/java:."/>
    <property name="java.vm.info" value="mixed mode, sharing"/>
    <property name="java.vendor" value="Oracle Corporation"/>
    <property name="java.vm.version" value="15.0.2+7-27"/>
    <property name="sun.io.unicode.encoding" value="UnicodeBig"/>
    <property name="socksNonProxyHosts" value="local|*.local|169.254/16|*.169.254/16"/>
    <property name="java.class.version" value="59.0"/>
  </properties>
  <testcase name="runScenario[&quot;Login with NOT invalid user name&quot;, &quot;Login scenarios&quot;](1)" classname="com.qa.runners.MyRunnerTest" time="10.478">
    <system-out><![CDATA[[INFO ] 2023-03-08 10:28:48.969 com.qa.utils.ServerManager:29 - Starting Appium server
&amp#27;[35m[Appium]&amp#27;[39m Welcome to Appium v2.0.0-beta.55
&amp#27;[35m[Appium]&amp#27;[39m Non-default server args:
&amp#27;[35m[Appium]&amp#27;[39m { port: &amp#27;[33m40401&amp#27;[39m, sessionOverride: &amp#27;[33mtrue&amp#27;[39m }
&amp#27;[35m[Appium]&amp#27;[39m Attempting to load driver uiautomator2...
[debug] &amp#27;[35m[Appium]&amp#27;[39m Requiring driver at /Users/juanquiceno/.appium/node_modules/appium-uiautomator2-driver
[Appium] Attempting to load driver xcuitest...
[debug] [Appium] Requiring driver at /Users/juanquiceno/.appium/node_modules/appium-xcuitest-driver
[Appium] Appium REST http interface listener started on 0.0.0.0:40401
[Appium] Available drivers:
[Appium]   - uiautomator2@2.12.3 (automationName 'UiAutomator2')
[Appium]   - xcuitest@4.16.12 (automationName 'XCUITest')
[Appium] No plugins have been installed. Use the "appium plugin" command to install the one(s) you want to use.
&amp#27;[38;5;0m[HTTP]&amp#27;[0m &amp#27;[37m-->&amp#27;[39m &amp#27;[37mGET&amp#27;[39m &amp#27;[37m/status&amp#27;[39m
&amp#27;[38;5;0m[HTTP]&amp#27;[0m {}
[debug] &amp#27;[38;5;16m[AppiumDriver@a2b0]&amp#27;[0m Calling AppiumDriver.getStatus() with args: []
[debug] &amp#27;[38;5;16m[AppiumDriver@a2b0]&amp#27;[0m Responding to client with driver.getStatus() result: {"build":{"version":"2.0.0-beta.55"}}
&amp#27;[38;5;0m[HTTP]&amp#27;[0m <-- GET /status 200 6 ms - 47
&amp#27;[38;5;0m[HTTP]&amp#27;[0m 
&amp#27;[38;5;0m[HTTP]&amp#27;[0m &amp#27;[37m-->&amp#27;[39m &amp#27;[37mGET&amp#27;[39m &amp#27;[37m/status&amp#27;[39m
&amp#27;[38;5;0m[HTTP]&amp#27;[0m {}
[debug] &amp#27;[38;5;16m[AppiumDriver@a2b0]&amp#27;[0m Calling AppiumDriver.getStatus() with args: []
[debug] &amp#27;[38;5;16m[AppiumDriver@a2b0]&amp#27;[0m Responding to client with driver.getStatus() result: {"build":{"version":"2.0.0-beta.55"}}
[INFO ] 2023-03-08 10:28:54.710 com.qa.utils.ServerManager:38 - Appium server started
[INFO ] 2023-03-08 10:28:54.727 com.qa.utils.DriverManager:26 - Initializing Appium driver
[INFO ] 2023-03-08 10:28:54.752 com.qa.utils.PropertyManager:17 - Loading config properties
[INFO ] 2023-03-08 10:28:54.754 com.qa.utils.CapabilitiesManager:18 - Getting capabilities
[INFO ] 2023-03-08 10:28:54.760 com.qa.utils.CapabilitiesManager:34 - appUrl is /Users/juanquiceno/Documents/GitHub/CucumberAppiumFramework/src/test/resources/apps/Android-MyDemoAppRN.1.3.0.build-244.apk
[INFO ] 2023-03-08 10:29:02.243 com.qa.utils.DriverManager:34 - Driver is initialized
[INFO ] 2023-03-08 10:29:09.652 com.qa.pages.BasePage:77 - Login with: notvaliduser
[INFO ] 2023-03-08 10:29:10.850 com.qa.pages.BasePage:77 - Password: secret_sauce
[INFO ] 2023-03-08 10:29:11.985 com.qa.pages.BasePage:59 - Press login button
[INFO ] 2023-03-08 10:29:12.724 com.qa.pages.BasePage:97 - Error text is: Provided credentials do not match any user in this service.
]]></system-out>
    <system-err><![CDATA[SLF4J: No SLF4J providers were found.
SLF4J: Defaulting to no-operation (NOP) logger implementation
SLF4J: See https://www.slf4j.org/codes.html#noProviders for further details.
]]></system-err>
  </testcase>
  <testcase name="runScenario[&quot;Login with NOT invalid user name&quot;, &quot;Login scenarios&quot;](2)" classname="com.qa.runners.MyRunnerTest" time="9.69">
    <system-out><![CDATA[[INFO ] 2023-03-08 10:29:19.313 com.qa.pages.BasePage:77 - Login with: invalidUsername
[INFO ] 2023-03-08 10:29:20.536 com.qa.pages.BasePage:77 - Password: secret_sauce
[INFO ] 2023-03-08 10:29:21.686 com.qa.pages.BasePage:59 - Press login button
[INFO ] 2023-03-08 10:29:22.420 com.qa.pages.BasePage:97 - Error text is: Provided credentials do not match any user in this service.
]]></system-out>
  </testcase>
  <testcase name="runScenario[&quot;Login with NOT invalid user password&quot;, &quot;Login scenarios&quot;](3)" classname="com.qa.runners.MyRunnerTest" time="10.4">
    <system-out><![CDATA[[INFO ] 2023-03-08 10:29:29.465 com.qa.pages.BasePage:77 - Login with: notvaliduser
[INFO ] 2023-03-08 10:29:30.812 com.qa.pages.BasePage:77 - Password: secret_sauce
[INFO ] 2023-03-08 10:29:31.989 com.qa.pages.BasePage:59 - Press login button
[INFO ] 2023-03-08 10:29:32.819 com.qa.pages.BasePage:97 - Error text is: Provided credentials do not match any user in this service.
]]></system-out>
  </testcase>
  <testcase name="runScenario[&quot;Login with NOT invalid user password&quot;, &quot;Login scenarios&quot;](4)" classname="com.qa.runners.MyRunnerTest" time="9.798">
    <system-out><![CDATA[[INFO ] 2023-03-08 10:29:39.545 com.qa.pages.BasePage:77 - Login with: invalidUsername
[INFO ] 2023-03-08 10:29:40.758 com.qa.pages.BasePage:77 - Password: secret_sauce
[INFO ] 2023-03-08 10:29:41.892 com.qa.pages.BasePage:59 - Press login button
[INFO ] 2023-03-08 10:29:42.617 com.qa.pages.BasePage:97 - Error text is: Provided credentials do not match any user in this service.
]]></system-out>
  </testcase>
  <testcase name="runScenario[&quot;Successful login&quot;, &quot;Login scenarios&quot;](5)" classname="com.qa.runners.MyRunnerTest" time="10.328">
    <system-out><![CDATA[[INFO ] 2023-03-08 10:29:49.258 com.qa.pages.BasePage:77 - Login with: bob@example.com
[INFO ] 2023-03-08 10:29:50.469 com.qa.pages.BasePage:77 - Password: 10203040
[INFO ] 2023-03-08 10:29:51.598 com.qa.pages.BasePage:59 - Press login button
[INFO ] 2023-03-08 10:29:52.946 com.qa.pages.BasePage:97 - Title page is: Checkout
]]></system-out>
  </testcase>
</testsuite>