<?xml version="1.0" encoding="UTF-8"?>
<!-- Generated by org.testng.reporters.JUnitReportReporter -->
<testsuite hostname="Juans-MacBook-Pro-2.local" failures="0" tests="5" name="com.qa.runners.MyRunnerTest" time="50.693" errors="0" timestamp="2023-03-08T10:30:00 COT" skipped="0">
  <testcase classname="com.qa.runners.MyRunnerTest" name="runScenario" time="9.691"/>
  <system-out/>
  <testcase classname="com.qa.runners.MyRunnerTest" name="runScenario" time="10.478"/>
  <system-out/>
  <testcase classname="com.qa.runners.MyRunnerTest" name="runScenario" time="10.328"/>
  <system-out/>
  <testcase classname="com.qa.runners.MyRunnerTest" name="runScenario" time="9.797"/>
  <system-out/>
  <testcase classname="com.qa.runners.MyRunnerTest" name="runScenario" time="10.399"/>
  <system-out/>
</testsuite> <!-- com.qa.runners.MyRunnerTest -->
